<?xml version="1.0" encoding="UTF-8"?>
<!-- Generated by org.testng.reporters.JUnitXMLReporter -->
<testsuite ignored="0" hostname="Prem-PC" failures="0" tests="3" name="Default test" time="40.413" errors="0" timestamp="15 May 2021 13:08:06 GMT">
  <testcase classname="com.crm.qa.testcases.LoginPageTest" name="loginPageTitleTest" time="0.051"/>
  <testcase classname="com.crm.qa.testcases.LoginPageTest" name="crmLogoImageTest" time="0.154"/>
  <testcase classname="com.crm.qa.testcases.LoginPageTest" name="loginTest" time="6.709"/>
</testsuite> <!-- Default test -->
